#
# A fatal error has been detected by the Java Runtime Environment:
#
#  EXCEPTION_ACCESS_VIOLATION (0xc0000005) at pc=0x77d4f963, pid=3588, tid=1480
#
# JRE version: 7.0_01-b08
# Java VM: Java HotSpot(TM) Client VM (21.1-b02 mixed mode, sharing windows-x86 )
# Problematic frame:
# C  [ntdll.dll+0x2f963]
#
# Failed to write core dump. Minidumps are not enabled by default on client versions of Windows
#
# If you would like to submit a bug report, please visit:
#   http://bugreport.sun.com/bugreport/crash.jsp
# The crash happened outside the Java Virtual Machine in native code.
# See problematic frame for where to report the bug.
#

---------------  T H R E A D  ---------------

Current thread (0x03e5d000):  JavaThread "Thread-2" [_thread_in_native, id=1480, stack(0x06310000,0x06360000)]

siginfo: ExceptionCode=0xc0000005, writing address 0x00000014

Registers:
EAX=0x00000000, EBX=0xfffffffc, ECX=0x00000000, EDX=0x00000004
ESP=0x0635f034, EBP=0x0635f084, ESI=0x04922e54, EDI=0x04922e58
EIP=0x77d4f963, EFLAGS=0x00010213

Top of Stack: (sp=0x0635f034)
0x0635f034:   04922e54 04922e58 04922b00 00000000
0x0635f044:   00000000 00000000 00000000 00000000
0x0635f054:   00000000 ff676980 ffffffff 00000000
0x0635f064:   0635f024 0635f068 0635f0ec 00000000
0x0635f074:   00000000 00000000 7ffaa000 00000344
0x0635f084:   0635f0ac 77d4f872 00000000 00000000
0x0635f094:   04922b00 00000000 04922be0 00000004
0x0635f0a4:   00000000 00000001 0635f0f8 10008a5e 

Instructions: (pc=0x77d4f963)
0x77d4f943:   c2 8b d8 8b c1 f0 0f b1 1f 3b c1 0f 85 bf e0 ff
0x77d4f953:   ff 33 c0 89 45 0c 89 45 08 8b 06 83 f8 ff 74 03
0x77d4f963:   ff 40 14 8b 5d f4 8b 7d f0 80 3d 82 03 fe 7f 00
0x77d4f973:   0f 85 52 f9 04 00 8b 45 fc 57 6a 00 83 f8 ff 0f 


Register to memory mapping:

EAX=0x00000000 is an unknown value
EBX=0xfffffffc is an unknown value
ECX=0x00000000 is an unknown value
EDX=0x00000004 is an unknown value
ESP=0x0635f034 is pointing into the stack for thread: 0x03e5d000
EBP=0x0635f084 is pointing into the stack for thread: 0x03e5d000
ESI=0x04922e54 is an unknown value
EDI=0x04922e58 is an unknown value


Stack: [0x06310000,0x06360000],  sp=0x0635f034,  free space=316k
Native frames: (J=compiled Java code, j=interpreted, Vv=VM code, C=native code)
C  [ntdll.dll+0x2f963]  iswdigit+0x2a2
C  [ntdll.dll+0x2f872]  iswdigit+0x1b1
C  [jnivideoInputLib4810720704449347891.dll+0x8a5e]  Java_com_googlecode_javacv_cpp_videoInputLib_comInitCount__I+0xe5e
j  com.googlecode.javacv.cpp.videoInputLib$videoInput.getPixels(ILcom/googlecode/javacpp/BytePointer;ZZ)Z+0
j  com.googlecode.javacv.VideoInputFrameGrabber.grab()Lcom/googlecode/javacv/cpp/opencv_core$IplImage;+107
j  Camera.captureImage()Ljava/awt/image/BufferedImage;+6
j  MainClass$2.run()V+7
j  java.lang.Thread.run()V+11
v  ~StubRoutines::call_stub
V  [jvm.dll+0x122c7e]
V  [jvm.dll+0x1c9c0e]
V  [jvm.dll+0x122e73]
V  [jvm.dll+0x122ed7]
V  [jvm.dll+0xccd1f]
V  [jvm.dll+0x14433f]
V  [jvm.dll+0x171549]
C  [msvcr100.dll+0x5c6de]  endthreadex+0x3a
C  [msvcr100.dll+0x5c788]  endthreadex+0xe4
C  [kernel32.dll+0x51114]  BaseThreadInitThunk+0x12
C  [ntdll.dll+0x5b299]  RtlInitializeExceptionChain+0x63
C  [ntdll.dll+0x5b26c]  RtlInitializeExceptionChain+0x36

Java frames: (J=compiled Java code, j=interpreted, Vv=VM code)
j  com.googlecode.javacv.cpp.videoInputLib$videoInput.getPixels(ILcom/googlecode/javacpp/BytePointer;ZZ)Z+0
j  com.googlecode.javacv.VideoInputFrameGrabber.grab()Lcom/googlecode/javacv/cpp/opencv_core$IplImage;+107
j  Camera.captureImage()Ljava/awt/image/BufferedImage;+6
j  MainClass$2.run()V+7
j  java.lang.Thread.run()V+11
v  ~StubRoutines::call_stub

---------------  P R O C E S S  ---------------

Java Threads: ( => current thread )
  0x03f31000 JavaThread "AWT-EventQueue-0" [_thread_blocked, id=344, stack(0x06380000,0x063d0000)]
  0x03f1c800 JavaThread "AWT-Shutdown" [_thread_blocked, id=3040, stack(0x049e0000,0x04a30000)]
=>0x03e5d000 JavaThread "Thread-2" [_thread_in_native, id=1480, stack(0x06310000,0x06360000)]
  0x03e5a800 JavaThread "Java2D Disposer" daemon [_thread_blocked, id=2116, stack(0x03ce0000,0x03d30000)]
  0x01204800 JavaThread "Service Thread" daemon [_thread_blocked, id=3564, stack(0x03c70000,0x03cc0000)]
  0x011eac00 JavaThread "C1 CompilerThread0" daemon [_thread_blocked, id=3896, stack(0x03b00000,0x03b50000)]
  0x011e5c00 JavaThread "Attach Listener" daemon [_thread_blocked, id=3464, stack(0x039c0000,0x03a10000)]
  0x011e2800 JavaThread "Signal Dispatcher" daemon [_thread_blocked, id=1004, stack(0x03b60000,0x03bb0000)]
  0x011db000 JavaThread "Finalizer" daemon [_thread_blocked, id=1484, stack(0x03a40000,0x03a90000)]
  0x011d6000 JavaThread "Reference Handler" daemon [_thread_blocked, id=832, stack(0x03930000,0x03980000)]
  0x01299800 JavaThread "main" [_thread_in_native, id=3296, stack(0x012c0000,0x01310000)]

Other Threads:
  0x011d4000 VMThread [stack: 0x038b0000,0x03900000] [id=764]

VM state:at safepoint (normal execution)

VM Mutex/Monitor currently owned by a thread:  ([mutex/lock_event])
[0x01297958] Threads_lock - owner thread: 0x011d4000

Heap
 def new generation   total 15872K, used 12084K [0x233e0000, 0x24510000, 0x28930000)
  eden space 14144K,  79% used [0x233e0000, 0x23eeb238, 0x241b0000)
  from space 1728K,  44% used [0x241b0000, 0x24271f60, 0x24360000)
  to   space 1728K,   0% used [0x24360000, 0x24360000, 0x24510000)
 tenured generation   total 35132K, used 17775K [0x28930000, 0x2ab7f000, 0x333e0000)
   the space 35132K,  50% used [0x28930000, 0x29a8bcd0, 0x29a8be00, 0x2ab7f000)
 compacting perm gen  total 12288K, used 1593K [0x333e0000, 0x33fe0000, 0x373e0000)
   the space 12288K,  12% used [0x333e0000, 0x3356e430, 0x3356e600, 0x33fe0000)
    ro space 10240K,  42% used [0x373e0000, 0x3781c7b0, 0x3781c800, 0x37de0000)
    rw space 12288K,  53% used [0x37de0000, 0x38458210, 0x38458400, 0x389e0000)

Code Cache  [0x01740000, 0x01830000, 0x03740000)
 total_blobs=487 nmethods=250 adapters=170 free_code_cache=31814Kb largest_free_block=32577792

Dynamic libraries:
0x01310000 - 0x0133f000 	C:\Program Files\Java\jre7\bin\javaw.exe
0x77d20000 - 0x77e5c000 	C:\Windows\SYSTEM32\ntdll.dll
0x767e0000 - 0x768b4000 	C:\Windows\system32\kernel32.dll
0x760a0000 - 0x760ea000 	C:\Windows\system32\KERNELBASE.dll
0x778d0000 - 0x77970000 	C:\Windows\system32\ADVAPI32.dll
0x77a40000 - 0x77aec000 	C:\Windows\system32\msvcrt.dll
0x77f30000 - 0x77f49000 	C:\Windows\SYSTEM32\sechost.dll
0x76730000 - 0x767d1000 	C:\Windows\system32\RPCRT4.dll
0x77970000 - 0x77a39000 	C:\Windows\system32\USER32.dll
0x76240000 - 0x7628e000 	C:\Windows\system32\GDI32.dll
0x76430000 - 0x7643a000 	C:\Windows\system32\LPK.dll
0x77e90000 - 0x77f2d000 	C:\Windows\system32\USP10.dll
0x74d60000 - 0x74efe000 	C:\Windows\WinSxS\x86_microsoft.windows.common-controls_6595b64144ccf1df_6.0.7600.16661_none_420fe3fa2b8113bd\COMCTL32.dll
0x766a0000 - 0x766f7000 	C:\Windows\system32\SHLWAPI.dll
0x77e70000 - 0x77e8f000 	C:\Windows\system32\IMM32.DLL
0x77800000 - 0x778cc000 	C:\Windows\system32\MSCTF.dll
0x6e8d0000 - 0x6e98e000 	C:\Program Files\Java\jre7\bin\msvcr100.dll
0x6c750000 - 0x6ca71000 	C:\Program Files\Java\jre7\bin\client\jvm.dll
0x735d0000 - 0x735d7000 	C:\Windows\system32\WSOCK32.dll
0x77ce0000 - 0x77d15000 	C:\Windows\system32\WS2_32.dll
0x768c0000 - 0x768c6000 	C:\Windows\system32\NSI.dll
0x706f0000 - 0x70722000 	C:\Windows\system32\WINMM.dll
0x77e60000 - 0x77e65000 	C:\Windows\system32\PSAPI.DLL
0x74d40000 - 0x74d4c000 	C:\Program Files\Java\jre7\bin\verify.dll
0x73d20000 - 0x73d40000 	C:\Program Files\Java\jre7\bin\java.dll
0x6d3a0000 - 0x6d3b3000 	C:\Program Files\Java\jre7\bin\zip.dll
0x67430000 - 0x67572000 	C:\Program Files\Java\jre7\bin\awt.dll
0x77c50000 - 0x77cdf000 	C:\Windows\system32\OLEAUT32.dll
0x77af0000 - 0x77c4c000 	C:\Windows\system32\ole32.dll
0x73fb0000 - 0x73fc3000 	C:\Windows\system32\DWMAPI.DLL
0x74ad0000 - 0x74b10000 	C:\Windows\system32\uxtheme.dll
0x75e30000 - 0x75e3c000 	C:\Windows\system32\CRYPTBASE.dll
0x75960000 - 0x75976000 	C:\Windows\system32\CRYPTSP.dll
0x75700000 - 0x7573b000 	C:\Windows\system32\rsaenh.dll
0x75510000 - 0x75527000 	C:\Windows\system32\USERENV.dll
0x75eb0000 - 0x75ebb000 	C:\Windows\system32\profapi.dll
0x6e9d0000 - 0x6e9e4000 	C:\Program Files\Java\jre7\bin\net.dll
0x75920000 - 0x7595c000 	C:\Windows\system32\mswsock.dll
0x75910000 - 0x75916000 	C:\Windows\System32\wship6.dll
0x73f00000 - 0x73f10000 	C:\Windows\system32\NLAapi.dll
0x757e0000 - 0x75824000 	C:\Windows\system32\DNSAPI.dll
0x72fe0000 - 0x72fe8000 	C:\Windows\System32\winrnr.dll
0x72f40000 - 0x72f50000 	C:\Windows\system32\napinsp.dll
0x72f00000 - 0x72f12000 	C:\Windows\system32\pnrpnsp.dll
0x75440000 - 0x75445000 	C:\Windows\System32\wshtcpip.dll
0x73d80000 - 0x73d9c000 	C:\Windows\system32\IPHLPAPI.DLL
0x73d70000 - 0x73d77000 	C:\Windows\system32\WINNSI.DLL
0x70fe0000 - 0x70fe6000 	C:\Windows\system32\rasadhlp.dll
0x73c40000 - 0x73c78000 	C:\Windows\System32\fwpuclnt.dll
0x73bf0000 - 0x73bff000 	C:\Program Files\Java\jre7\bin\nio.dll
0x10000000 - 0x1002b000 	C:\Users\siam\AppData\Local\Temp\jnivideoInputLib4810720704449347891.dll
0x761b0000 - 0x76233000 	C:\Windows\system32\CLBCatQ.DLL
0x6ade0000 - 0x6adf4000 	C:\Windows\system32\devenum.dll
0x76290000 - 0x7642d000 	C:\Windows\system32\setupapi.dll
0x75f30000 - 0x75f57000 	C:\Windows\system32\CFGMGR32.dll
0x76080000 - 0x76092000 	C:\Windows\system32\DEVOBJ.dll
0x751c0000 - 0x751e1000 	C:\Windows\system32\ntmarta.dll
0x76530000 - 0x76575000 	C:\Windows\system32\WLDAP32.dll
0x76180000 - 0x761ad000 	C:\Windows\system32\WINTRUST.dll
0x75f60000 - 0x7607c000 	C:\Windows\system32\CRYPT32.dll
0x75f20000 - 0x75f2c000 	C:\Windows\system32\MSASN1.dll
0x6b950000 - 0x6b95b000 	C:\Windows\system32\msdmo.dll
0x6aa00000 - 0x6aa32000 	C:\Windows\system32\qcap.dll
0x6a9d0000 - 0x6a9f1000 	C:\Windows\system32\MSVFW32.dll
0x76bb0000 - 0x777f9000 	C:\Windows\system32\SHELL32.dll
0x752a0000 - 0x752a9000 	C:\Windows\system32\VERSION.dll
0x670d0000 - 0x67247000 	C:\Windows\system32\quartz.dll
0x6a990000 - 0x6a9c3000 	C:\Windows\system32\ksproxy.ax
0x6ebd0000 - 0x6ebd4000 	C:\Windows\system32\ksuser.dll
0x6ba20000 - 0x6bbe3000 	C:\Windows\system32\d3d9.dll
0x6e8c0000 - 0x6e8c6000 	C:\Windows\system32\d3d8thk.dll
0x6cc30000 - 0x6cc39000 	C:\Windows\system32\vidcap.ax
0x6ae00000 - 0x6ae1d000 	C:\Windows\system32\kswdmcap.ax
0x6c340000 - 0x6c45c000 	C:\Windows\system32\MFC42.dll
0x6c520000 - 0x6c5ac000 	C:\Windows\system32\ODBC32.dll
0x6c4e0000 - 0x6c518000 	C:\Windows\system32\odbcint.dll
0x6a910000 - 0x6a990000 	C:\Windows\System32\qedit.dll
0x76440000 - 0x764bb000 	C:\Windows\system32\COMDLG32.dll
0x74940000 - 0x74ad0000 	C:\Windows\WinSxS\x86_microsoft.windows.gdiplus_6595b64144ccf1df_1.1.7600.17007_none_72f44f3186198a88\gdiplus.dll
0x687c0000 - 0x688a7000 	C:\Windows\system32\DDRAW.dll
0x6d180000 - 0x6d186000 	C:\Windows\system32\DCIMAN32.dll
0x65720000 - 0x657ec000 	C:\Windows\system32\D3DIM700.DLL
0x6af70000 - 0x6af79000 	C:\Windows\system32\msyuv.dll
0x65660000 - 0x6571e000 	C:\OpenCV2.2\bin\msvcr100.dll
0x6a4a0000 - 0x6a509000 	C:\OpenCV2.2\bin\msvcp100.dll
0x65470000 - 0x65660000 	C:\OpenCV2.2\bin\opencv_core220.dll
0x6a850000 - 0x6a87a000 	C:\Program Files\Java\jre7\bin\fontmanager.dll
0x67c20000 - 0x67c51000 	C:\Program Files\Java\jre7\bin\t2k.dll
0x04240000 - 0x042a2000 	C:\Users\siam\AppData\Local\Temp\jniopencv_core8357900601549047748.dll
0x75de0000 - 0x75e2b000 	C:\Windows\system32\apphelp.dll

VM Arguments:
jvm_args: -Dfile.encoding=Cp1252 
java_command: MainClass
Launcher Type: SUN_STANDARD

Environment Variables:
CLASSPATH=.;.;C:\PROGRA~1\JMF21~1.1E\lib\sound.jar;C:\PROGRA~1\JMF21~1.1E\lib\jmf.jar;C:\PROGRA~1\JMF21~1.1E\lib;
PATH=C:/Program Files/Java/jre7/bin/client;C:/Program Files/Java/jre7/bin;C:/Program Files/Java/jre7/lib/i386;C:\Program Files\Broadcom\Broadcom 802.11\Driver;;C:\Windows\system32;C:\Windows;C:\Windows\System32\Wbem;C:\Windows\System32\WindowsPowerShell\v1.0\;C:\OpenCV2.2\bin;D:\Android-test-platform\eclipse;
USERNAME=siam
OS=Windows_NT
PROCESSOR_IDENTIFIER=x86 Family 6 Model 42 Stepping 7, GenuineIntel



---------------  S Y S T E M  ---------------

OS: Windows 7 Build 7600 

CPU:total 4 (2 cores per cpu, 2 threads per core) family 6 model 42 stepping 7, cmov, cx8, fxsr, mmx, sse, sse2, sse3, ssse3, sse4.1, sse4.2, popcnt, ht

Memory: 4k page, physical 2832240k(1057720k free), swap 5662716k(3566608k free)

vm_info: Java HotSpot(TM) Client VM (21.1-b02) for windows-x86 JRE (1.7.0_01-b08), built on Oct  3 2011 02:11:36 by "java_re" with unknown MS VC++:1600

time: Sun Jun 10 00:42:09 2012
elapsed time: 16 seconds

